<?xml version="1.0" encoding="UTF-8" ?>
<testsuite failures="1" time="0.985" errors="0" skipped="0" tests="1" name="com.test.BookTest">
  <properties>
    <property name="java.runtime.name" value="Java(TM) SE Runtime Environment"/>
    <property name="sun.boot.library.path" value="C:\Program Files (x86)\Java\jdk1.6.0_45\jre\bin"/>
    <property name="java.vm.version" value="20.45-b01"/>
    <property name="java.vm.vendor" value="Sun Microsystems Inc."/>
    <property name="java.vendor.url" value="http://java.sun.com/"/>
    <property name="path.separator" value=";"/>
    <property name="guice.disable.misplaced.annotation.check" value="true"/>
    <property name="java.vm.name" value="Java HotSpot(TM) Client VM"/>
    <property name="file.encoding.pkg" value="sun.io"/>
    <property name="user.country" value="FR"/>
    <property name="sun.java.launcher" value="SUN_STANDARD"/>
    <property name="sun.os.patch.level" value="Service Pack 1"/>
    <property name="java.vm.specification.name" value="Java Virtual Machine Specification"/>
    <property name="user.dir" value="C:\Bruno\03-Developpement\Java\CHP02_EE6"/>
    <property name="java.runtime.version" value="1.6.0_45-b06"/>
    <property name="java.awt.graphicsenv" value="sun.awt.Win32GraphicsEnvironment"/>
    <property name="java.endorsed.dirs" value="C:\Program Files (x86)\Java\jdk1.6.0_45\jre\lib\endorsed"/>
    <property name="os.arch" value="x86"/>
    <property name="java.io.tmpdir" value="C:\Users\BBOUCH~1\AppData\Local\Temp\"/>
    <property name="line.separator" value="
"/>
    <property name="java.vm.specification.vendor" value="Sun Microsystems Inc."/>
    <property name="user.variant" value=""/>
    <property name="os.name" value="Windows 7"/>
    <property name="classworlds.conf" value="C:\Bruno\02-Logiciels\Java\J2EE\apache-maven-3.0.4-bin\apache-maven-3.0.4\bin\..\bin\m2.conf"/>
    <property name="sun.jnu.encoding" value="Cp1252"/>
    <property name="java.library.path" value="C:\Program Files (x86)\Java\jdk1.6.0_45\bin;C:\Windows\Sun\Java\bin;C:\Windows\system32;C:\Windows;C:\PROGRAM FILES\DMEXPRESS\PROGRAMS;C:\ORACLE\PRODUCT\10.2.0\CLIENT_1\BIN;C:\APP\ORACLE\PRODUCT\11.2.0\CLIENT_1;C:\PROGRAM FILES (X86)\INTEL\ICLS CLIENT\;C:\PROGRAM FILES\INTEL\ICLS CLIENT\;C:\Windows\SYSTEM32;C:\PROGRAM FILES (X86)\SYBASE\ASIQ-12_6\WIN32;C:\Windows;C:\APPFT\DIMENS~1\9.1\PROG;C:\Windows\SYSTEM32\WBEM;C:\Windows\SYSTEM32\WINDOWSPOWERSHELL\V1.0\;C:\PROGRAM FILES\INTEL\INTEL(R) MANAGEMENT ENGINE COMPONENTS\DAL;C:\PROGRAM FILES\INTEL\INTEL(R) MANAGEMENT ENGINE COMPONENTS\IPT;C:\PROGRAM FILES (X86)\INTEL\INTEL(R) MANAGEMENT ENGINE COMPONENTS\DAL;C:\PROGRAM FILES (X86)\INTEL\INTEL(R) MANAGEMENT ENGINE COMPONENTS\IPT;C:\PROGRAM FILES\TORTOISESVN\BIN;C:\Program Files (x86)\Java\jre6\bin;C:\Bruno\02-Logiciels\Java\J2EE\apache-maven-3.0.4-bin\apache-maven-3.0.4\bin;C:\Program Files (x86)\Java\jdk1.7.0_21\bin;."/>
    <property name="java.specification.name" value="Java Platform API Specification"/>
    <property name="java.class.version" value="50.0"/>
    <property name="sun.management.compiler" value="HotSpot Client Compiler"/>
    <property name="os.version" value="6.1"/>
    <property name="user.home" value="C:\Users\bbouchahoua"/>
    <property name="user.timezone" value="Europe/Paris"/>
    <property name="java.awt.printerjob" value="sun.awt.windows.WPrinterJob"/>
    <property name="file.encoding" value="Cp1252"/>
    <property name="java.specification.version" value="1.6"/>
    <property name="user.name" value="bbouchahoua"/>
    <property name="java.class.path" value="C:\Bruno\02-Logiciels\Java\J2EE\apache-maven-3.0.4-bin\apache-maven-3.0.4\bin\..\boot\plexus-classworlds-2.4.jar"/>
    <property name="java.vm.specification.version" value="1.0"/>
    <property name="sun.arch.data.model" value="32"/>
    <property name="java.home" value="C:\Program Files (x86)\Java\jdk1.6.0_45\jre"/>
    <property name="sun.java.command" value="org.codehaus.plexus.classworlds.launcher.Launcher test"/>
    <property name="java.specification.vendor" value="Sun Microsystems Inc."/>
    <property name="user.language" value="fr"/>
    <property name="awt.toolkit" value="sun.awt.windows.WToolkit"/>
    <property name="java.vm.info" value="mixed mode, sharing"/>
    <property name="java.version" value="1.6.0_45"/>
    <property name="java.ext.dirs" value="C:\Program Files (x86)\Java\jdk1.6.0_45\jre\lib\ext;C:\Windows\Sun\Java\lib\ext"/>
    <property name="sun.boot.class.path" value="C:\Program Files (x86)\Java\jdk1.6.0_45\jre\lib\resources.jar;C:\Program Files (x86)\Java\jdk1.6.0_45\jre\lib\rt.jar;C:\Program Files (x86)\Java\jdk1.6.0_45\jre\lib\sunrsasign.jar;C:\Program Files (x86)\Java\jdk1.6.0_45\jre\lib\jsse.jar;C:\Program Files (x86)\Java\jdk1.6.0_45\jre\lib\jce.jar;C:\Program Files (x86)\Java\jdk1.6.0_45\jre\lib\charsets.jar;C:\Program Files (x86)\Java\jdk1.6.0_45\jre\lib\modules\jdk.boot.jar;C:\Program Files (x86)\Java\jdk1.6.0_45\jre\classes"/>
    <property name="java.vendor" value="Sun Microsystems Inc."/>
    <property name="maven.home" value="C:\Bruno\02-Logiciels\Java\J2EE\apache-maven-3.0.4-bin\apache-maven-3.0.4\bin\.."/>
    <property name="file.separator" value="\"/>
    <property name="java.vendor.url.bug" value="http://java.sun.com/cgi-bin/bugreport.cgi"/>
    <property name="sun.cpu.endian" value="little"/>
    <property name="sun.io.unicode.encoding" value="UnicodeLittle"/>
    <property name="sun.desktop" value="windows"/>
    <property name="sun.cpu.isalist" value="pentium_pro+mmx pentium_pro pentium+mmx pentium i486 i386 i86"/>
  </properties>
  <testcase time="0.062" classname="com.test.BookTest" name="shouldCreateABook">
    <failure message="expected:&lt;1&gt; but was:&lt;14&gt;" type="java.lang.AssertionError">java.lang.AssertionError: expected:&lt;1&gt; but was:&lt;14&gt;
	at org.junit.Assert.fail(Assert.java:91)
	at org.junit.Assert.failNotEquals(Assert.java:645)
	at org.junit.Assert.assertEquals(Assert.java:126)
	at org.junit.Assert.assertEquals(Assert.java:470)
	at org.junit.Assert.assertEquals(Assert.java:454)
	at com.test.BookTest.shouldCreateABook(BookTest.java:57)
	at sun.reflect.NativeMethodAccessorImpl.invoke0(Native Method)
	at sun.reflect.NativeMethodAccessorImpl.invoke(NativeMethodAccessorImpl.java:39)
	at sun.reflect.DelegatingMethodAccessorImpl.invoke(DelegatingMethodAccessorImpl.java:25)
	at java.lang.reflect.Method.invoke(Method.java:597)
	at org.junit.runners.model.FrameworkMethod$1.runReflectiveCall(FrameworkMethod.java:44)
	at org.junit.internal.runners.model.ReflectiveCallable.run(ReflectiveCallable.java:15)
	at org.junit.runners.model.FrameworkMethod.invokeExplosively(FrameworkMethod.java:41)
	at org.junit.internal.runners.statements.InvokeMethod.evaluate(InvokeMethod.java:20)
	at org.junit.internal.runners.statements.RunBefores.evaluate(RunBefores.java:28)
	at org.junit.runners.BlockJUnit4ClassRunner.runChild(BlockJUnit4ClassRunner.java:76)
	at org.junit.runners.BlockJUnit4ClassRunner.runChild(BlockJUnit4ClassRunner.java:50)
	at org.junit.runners.ParentRunner$3.run(ParentRunner.java:193)
	at org.junit.runners.ParentRunner$1.schedule(ParentRunner.java:52)
	at org.junit.runners.ParentRunner.runChildren(ParentRunner.java:191)
	at org.junit.runners.ParentRunner.access$000(ParentRunner.java:42)
	at org.junit.runners.ParentRunner$2.evaluate(ParentRunner.java:184)
	at org.junit.internal.runners.statements.RunBefores.evaluate(RunBefores.java:28)
	at org.junit.internal.runners.statements.RunAfters.evaluate(RunAfters.java:31)
	at org.junit.runners.ParentRunner.run(ParentRunner.java:236)
	at org.apache.maven.surefire.junit4.JUnit4TestSet.execute(JUnit4TestSet.java:53)
	at org.apache.maven.surefire.junit4.JUnit4Provider.executeTestSet(JUnit4Provider.java:123)
	at org.apache.maven.surefire.junit4.JUnit4Provider.invoke(JUnit4Provider.java:104)
	at sun.reflect.NativeMethodAccessorImpl.invoke0(Native Method)
	at sun.reflect.NativeMethodAccessorImpl.invoke(NativeMethodAccessorImpl.java:39)
	at sun.reflect.DelegatingMethodAccessorImpl.invoke(DelegatingMethodAccessorImpl.java:25)
	at java.lang.reflect.Method.invoke(Method.java:597)
	at org.apache.maven.surefire.util.ReflectionUtils.invokeMethodWithArray(ReflectionUtils.java:164)
	at org.apache.maven.surefire.booter.ProviderFactory$ProviderProxy.invoke(ProviderFactory.java:110)
	at org.apache.maven.surefire.booter.SurefireStarter.invokeProvider(SurefireStarter.java:175)
	at org.apache.maven.surefire.booter.SurefireStarter.runSuitesInProcessWhenForked(SurefireStarter.java:107)
	at org.apache.maven.surefire.booter.ForkedBooter.main(ForkedBooter.java:68)
</failure>
    <system-out>[EL Info]: 2013-05-07 09:04:33.048--ServerSession(5324016)--EclipseLink, version: Eclipse Persistence Services - 2.0.0.v20091127-r5931
[EL Info]: 2013-05-07 09:04:33.321--ServerSession(5324016)--file:/C:/Bruno/03-Developpement/Java/CHP02_EE6/target/classes/_chapter02PU login successful
[EL Warning]: 2013-05-07 09:04:33.402--ServerSession(5324016)--Exception [EclipseLink-4002] (Eclipse Persistence Services - 2.0.0.v20091127-r5931): org.eclipse.persistence.exceptions.DatabaseException
Internal Exception: java.sql.SQLException: Table/View &apos;BOOK&apos; existe déjà dans Schema &apos;APP&apos;.
Error Code: -1
Call: CREATE TABLE BOOK (ID BIGINT NOT NULL, TITLE VARCHAR(255) NOT NULL, PRICE FLOAT, ILLUSTRATIONS SMALLINT DEFAULT 0, DESCRIPTION VARCHAR(2000), ISBN VARCHAR(255), NBOFPAGE INTEGER, PRIMARY KEY (ID))
Query: DataModifyQuery(sql=&quot;CREATE TABLE BOOK (ID BIGINT NOT NULL, TITLE VARCHAR(255) NOT NULL, PRICE FLOAT, ILLUSTRATIONS SMALLINT DEFAULT 0, DESCRIPTION VARCHAR(2000), ISBN VARCHAR(255), NBOFPAGE INTEGER, PRIMARY KEY (ID))&quot;)
[EL Warning]: 2013-05-07 09:04:33.419--ServerSession(5324016)--Exception [EclipseLink-4002] (Eclipse Persistence Services - 2.0.0.v20091127-r5931): org.eclipse.persistence.exceptions.DatabaseException
Internal Exception: java.sql.SQLException: Table/View &apos;SEQUENCE&apos; existe déjà dans Schema &apos;APP&apos;.
Error Code: -1
Call: CREATE TABLE SEQUENCE (SEQ_NAME VARCHAR(50) NOT NULL, SEQ_COUNT DECIMAL(15), PRIMARY KEY (SEQ_NAME))
Query: DataModifyQuery(sql=&quot;CREATE TABLE SEQUENCE (SEQ_NAME VARCHAR(50) NOT NULL, SEQ_COUNT DECIMAL(15), PRIMARY KEY (SEQ_NAME))&quot;)
</system-out>
  </testcase>
</testsuite>