<?xml version="1.0" encoding="UTF-8" ?>
<testsuite failures="1" time="0.985" errors="0" skipped="0" tests="1" name="com.test.BookTest">
  <properties>
[...]
</properties>
  <testcase time="0.062" classname="com.test.BookTest" name="shouldCreateABook">
    <failure message="expected:&lt;1&gt; but was:&lt;14&gt;" type="java.lang.AssertionError">java.lang.AssertionError: expected:&lt;1&gt; but was:&lt;14&gt;
	at org.junit.Assert.fail(Assert.java:91)
	at org.junit.Assert.failNotEquals(Assert.java:645)
	at org.junit.Assert.assertEquals(Assert.java:126)
	at org.junit.Assert.assertEquals(Assert.java:470)
	at org.junit.Assert.assertEquals(Assert.java:454)
	at com.test.BookTest.shouldCreateABook(BookTest.java:57)
	at sun.reflect.NativeMethodAccessorImpl.invoke0(Native Method)
	at sun.reflect.NativeMethodAccessorImpl.invoke(NativeMethodAccessorImpl.java:39)
	at sun.reflect.DelegatingMethodAccessorImpl.invoke(DelegatingMethodAccessorImpl.java:25)
	at java.lang.reflect.Method.invoke(Method.java:597)
	at org.junit.runners.model.FrameworkMethod$1.runReflectiveCall(FrameworkMethod.java:44)
	at org.junit.internal.runners.model.ReflectiveCallable.run(ReflectiveCallable.java:15)
	at org.junit.runners.model.FrameworkMethod.invokeExplosively(FrameworkMethod.java:41)
	at org.junit.internal.runners.statements.InvokeMethod.evaluate(InvokeMethod.java:20)
	at org.junit.internal.runners.statements.RunBefores.evaluate(RunBefores.java:28)
	at org.junit.runners.BlockJUnit4ClassRunner.runChild(BlockJUnit4ClassRunner.java:76)
	at org.junit.runners.BlockJUnit4ClassRunner.runChild(BlockJUnit4ClassRunner.java:50)
	at org.junit.runners.ParentRunner$3.run(ParentRunner.java:193)
	at org.junit.runners.ParentRunner$1.schedule(ParentRunner.java:52)
	at org.junit.runners.ParentRunner.runChildren(ParentRunner.java:191)
	at org.junit.runners.ParentRunner.access$000(ParentRunner.java:42)
	at org.junit.runners.ParentRunner$2.evaluate(ParentRunner.java:184)
	at org.junit.internal.runners.statements.RunBefores.evaluate(RunBefores.java:28)
	at org.junit.internal.runners.statements.RunAfters.evaluate(RunAfters.java:31)
	at org.junit.runners.ParentRunner.run(ParentRunner.java:236)
	at org.apache.maven.surefire.junit4.JUnit4TestSet.execute(JUnit4TestSet.java:53)
	at org.apache.maven.surefire.junit4.JUnit4Provider.executeTestSet(JUnit4Provider.java:123)
	at org.apache.maven.surefire.junit4.JUnit4Provider.invoke(JUnit4Provider.java:104)
	at sun.reflect.NativeMethodAccessorImpl.invoke0(Native Method)
	at sun.reflect.NativeMethodAccessorImpl.invoke(NativeMethodAccessorImpl.java:39)
	at sun.reflect.DelegatingMethodAccessorImpl.invoke(DelegatingMethodAccessorImpl.java:25)
	at java.lang.reflect.Method.invoke(Method.java:597)
	at org.apache.maven.surefire.util.ReflectionUtils.invokeMethodWithArray(ReflectionUtils.java:164)
	at org.apache.maven.surefire.booter.ProviderFactory$ProviderProxy.invoke(ProviderFactory.java:110)
	at org.apache.maven.surefire.booter.SurefireStarter.invokeProvider(SurefireStarter.java:175)
	at org.apache.maven.surefire.booter.SurefireStarter.runSuitesInProcessWhenForked(SurefireStarter.java:107)
	at org.apache.maven.surefire.booter.ForkedBooter.main(ForkedBooter.java:68)
</failure>
    <system-out>[EL Info]: 2013-05-07 09:04:33.048--ServerSession(5324016)--EclipseLink, version: Eclipse Persistence Services - 2.0.0.v20091127-r5931
[EL Info]: 2013-05-07 09:04:33.321--ServerSession(5324016)--file:/C:/Bruno/03-Developpement/Java/CHP02_EE6/target/classes/_chapter02PU login successful
[EL Warning]: 2013-05-07 09:04:33.402--ServerSession(5324016)--Exception [EclipseLink-4002] (Eclipse Persistence Services - 2.0.0.v20091127-r5931): org.eclipse.persistence.exceptions.DatabaseException
Internal Exception: java.sql.SQLException: Table/View &apos;BOOK&apos; existe déjà dans Schema &apos;APP&apos;.
Error Code: -1
Call: CREATE TABLE BOOK (ID BIGINT NOT NULL, TITLE VARCHAR(255) NOT NULL, PRICE FLOAT, ILLUSTRATIONS SMALLINT DEFAULT 0, DESCRIPTION VARCHAR(2000), ISBN VARCHAR(255), NBOFPAGE INTEGER, PRIMARY KEY (ID))
Query: DataModifyQuery(sql=&quot;CREATE TABLE BOOK (ID BIGINT NOT NULL, TITLE VARCHAR(255) NOT NULL, PRICE FLOAT, ILLUSTRATIONS SMALLINT DEFAULT 0, DESCRIPTION VARCHAR(2000), ISBN VARCHAR(255), NBOFPAGE INTEGER, PRIMARY KEY (ID))&quot;)
[EL Warning]: 2013-05-07 09:04:33.419--ServerSession(5324016)--Exception [EclipseLink-4002] (Eclipse Persistence Services - 2.0.0.v20091127-r5931): org.eclipse.persistence.exceptions.DatabaseException
Internal Exception: java.sql.SQLException: Table/View &apos;SEQUENCE&apos; existe déjà dans Schema &apos;APP&apos;.
Error Code: -1
Call: CREATE TABLE SEQUENCE (SEQ_NAME VARCHAR(50) NOT NULL, SEQ_COUNT DECIMAL(15), PRIMARY KEY (SEQ_NAME))
Query: DataModifyQuery(sql=&quot;CREATE TABLE SEQUENCE (SEQ_NAME VARCHAR(50) NOT NULL, SEQ_COUNT DECIMAL(15), PRIMARY KEY (SEQ_NAME))&quot;)
</system-out>
  </testcase>
</testsuite>